<?xml version="1.0" encoding="utf-8" standalone="no"?>
<test-results xmlns:xsi="http://www.w3.org/2001/XMLSchema-instance" xsi:noNamespaceSchemaLocation="nunit_schema_2.5.xsd" name="Pester" total="13" errors="0" failures="0" not-run="0" inconclusive="0" ignored="0" skipped="0" invalid="0" date="2019-10-20" time="22:27:46">
  <environment clr-version="4.0.30319.42000" user-domain="DESKTOP-UHNCGG9" cwd="C:\Git\datum-dsc-for-vmware" platform="Microsoft Windows 10 Pro|C:\WINDOWS|\Device\Harddisk0\Partition4" machine-name="DESKTOP-UHNCGG9" nunit-version="2.5.8.0" os-version="10.0.18362" user="Daniel" />
  <culture-info current-culture="de-CH" current-uiculture="de-DE" />
  <test-suite type="TestFixture" name="Pester" executed="True" result="Success" success="True" time="0.8462" asserts="0" description="Pester">
    <results>
      <test-suite type="TestFixture" name="C:\Git\datum-dsc-for-vmware\Tests\Acceptance\TestMofFiles.Tests.ps1" executed="True" result="Success" success="True" time="0.1655" asserts="0" description="C:\Git\datum-dsc-for-vmware\Tests\Acceptance\TestMofFiles.Tests.ps1">
        <results />
      </test-suite>
      <test-suite type="TestFixture" name="C:\Git\datum-dsc-for-vmware\Tests\ConfigData\ConfigData.Tests.ps1" executed="True" result="Success" success="True" time="0.6807" asserts="0" description="C:\Git\datum-dsc-for-vmware\Tests\ConfigData\ConfigData.Tests.ps1">
        <results>
          <test-suite type="TestFixture" name="Datum Tree Definition" executed="True" result="Success" success="True" time="0.1114" asserts="0" description="Datum Tree Definition">
            <results>
              <test-case description="Exists in DscConfigData Folder" name="Datum Tree Definition.Exists in DscConfigData Folder" time="0.0111" asserts="0" success="True" result="Success" executed="True" />
              <test-case description="is Valid Yaml" name="Datum Tree Definition.is Valid Yaml" time="0.013" asserts="0" success="True" result="Success" executed="True" />
            </results>
          </test-suite>
          <test-suite type="TestFixture" name="Node Definition Files" executed="True" result="Success" success="True" time="0.1429" asserts="0" description="Node Definition Files">
            <results>
              <test-case description="C:\Git\datum-dsc-for-vmware\DscConfigData\AllNodes\Lab\Lab_ESXiHost1.yml Should not be duplicated" name="Node Definition Files.C:\Git\datum-dsc-for-vmware\DscConfigData\AllNodes\Lab\Lab_ESXiHost1.yml Should not be duplicated" time="0.0026" asserts="0" success="True" result="Success" executed="True" />
              <test-case description="Lab_ESXiHost1.yml has valid yaml" name="Node Definition Files.Lab_ESXiHost1.yml has valid yaml" time="0.0086" asserts="0" success="True" result="Success" executed="True" />
              <test-case description="Lab_ESXiHost1.yml is in the right environment" name="Node Definition Files.Lab_ESXiHost1.yml is in the right environment" time="0.0085" asserts="0" success="True" result="Success" executed="True" />
              <test-case description="C:\Git\datum-dsc-for-vmware\DscConfigData\AllNodes\NonProd\NonProd_ESXiHost1.yml Should not be duplicated" name="Node Definition Files.C:\Git\datum-dsc-for-vmware\DscConfigData\AllNodes\NonProd\NonProd_ESXiHost1.yml Should not be duplicated" time="0.0029" asserts="0" success="True" result="Success" executed="True" />
              <test-case description="NonProd_ESXiHost1.yml has valid yaml" name="Node Definition Files.NonProd_ESXiHost1.yml has valid yaml" time="0.0086" asserts="0" success="True" result="Success" executed="True" />
              <test-case description="NonProd_ESXiHost1.yml is in the right environment" name="Node Definition Files.NonProd_ESXiHost1.yml is in the right environment" time="0.0122" asserts="0" success="True" result="Success" executed="True" />
              <test-case description="C:\Git\datum-dsc-for-vmware\DscConfigData\AllNodes\Prod\Prod_ESXiHost1.yml Should not be duplicated" name="Node Definition Files.C:\Git\datum-dsc-for-vmware\DscConfigData\AllNodes\Prod\Prod_ESXiHost1.yml Should not be duplicated" time="0.0041" asserts="0" success="True" result="Success" executed="True" />
              <test-case description="Prod_ESXiHost1.yml has valid yaml" name="Node Definition Files.Prod_ESXiHost1.yml has valid yaml" time="0.0077" asserts="0" success="True" result="Success" executed="True" />
              <test-case description="Prod_ESXiHost1.yml is in the right environment" name="Node Definition Files.Prod_ESXiHost1.yml is in the right environment" time="0.0107" asserts="0" success="True" result="Success" executed="True" />
            </results>
          </test-suite>
          <test-suite type="TestFixture" name="Roles Definition Files" executed="True" result="Success" success="True" time="0.0557" asserts="0" description="Roles Definition Files">
            <results>
              <test-case description="C:\Git\datum-dsc-for-vmware\DscConfigData\Roles\Lab_EsxHosts.yml has valid yaml" name="Roles Definition Files.C:\Git\datum-dsc-for-vmware\DscConfigData\Roles\Lab_EsxHosts.yml has valid yaml" time="0.0064" asserts="0" success="True" result="Success" executed="True" />
            </results>
          </test-suite>
          <test-suite type="TestFixture" name="Role Composition" executed="True" result="Success" success="True" time="0.3196" asserts="0" description="Role Composition">
            <results>
              <test-suite type="TestFixture" name="Nodes for environment Lab" executed="True" result="Success" success="True" time="0.1548" asserts="0" description="Nodes for environment Lab">
                <results>
                  <test-case description="Lab_ESXiHost1 has a valid Configurations Setting (!$null)" name="Role Composition.Nodes for environment Lab.Lab_ESXiHost1 has a valid Configurations Setting (!$null)" time="0.0942" asserts="0" success="True" result="Success" executed="True" />
                </results>
              </test-suite>
              <test-suite type="TestFixture" name="Nodes for environment NonProd" executed="True" result="Success" success="True" time="0.0523" asserts="0" description="Nodes for environment NonProd">
                <results />
              </test-suite>
              <test-suite type="TestFixture" name="Nodes for environment Prod" executed="True" result="Success" success="True" time="0.052" asserts="0" description="Nodes for environment Prod">
                <results />
              </test-suite>
            </results>
          </test-suite>
        </results>
      </test-suite>
    </results>
  </test-suite>
</test-results>