<?xml version="1.0" encoding="utf-8" standalone="no"?>
<test-results xmlns:xsi="http://www.w3.org/2001/XMLSchema-instance" xsi:noNamespaceSchemaLocation="nunit_schema_2.5.xsd" name="Pester" total="2" errors="0" failures="2" not-run="0" inconclusive="0" ignored="0" skipped="0" invalid="0" date="2019-10-19" time="16:10:56">
  <environment clr-version="4.0.30319.42000" user-domain="DESKTOP-UHNCGG9" cwd="C:\Git\datum-dsc-for-vmware" platform="Microsoft Windows 10 Pro|C:\WINDOWS|\Device\Harddisk0\Partition4" machine-name="DESKTOP-UHNCGG9" nunit-version="2.5.8.0" os-version="10.0.18362" user="Daniel" />
  <culture-info current-culture="de-CH" current-uiculture="de-DE" />
  <test-suite type="TestFixture" name="Pester" executed="True" result="Failure" success="False" time="0.195" asserts="0" description="Pester">
    <results>
      <test-suite type="TestFixture" name="C:\Git\datum-dsc-for-vmware\Tests\Acceptance\TestMofFiles.Tests.ps1" executed="True" result="Failure" success="False" time="0.1558" asserts="0" description="C:\Git\datum-dsc-for-vmware\Tests\Acceptance\TestMofFiles.Tests.ps1">
        <results>
          <test-case description="Error occurred in test script 'C:\Git\datum-dsc-for-vmware\Tests\Acceptance\TestMofFiles.Tests.ps1'" name="Error occurred in test script 'C:\Git\datum-dsc-for-vmware\Tests\Acceptance\TestMofFiles.Tests.ps1'" time="0" asserts="0" success="False" result="Failure" executed="True">
            <failure>
              <message>Das Argument kann nicht an den Parameter "Name" gebunden werden, da es sich um eine leere Zeichenfolge handelt.</message>
              <stack-trace>bei &lt;ScriptBlock&gt;, C:\Git\datum-dsc-for-vmware\BuildOutput\Modules\datum\0.0.38\datum.psm1: Zeile 39</stack-trace>
            </failure>
          </test-case>
        </results>
      </test-suite>
      <test-suite type="TestFixture" name="C:\Git\datum-dsc-for-vmware\Tests\ConfigData\ConfigData.Tests.ps1" executed="True" result="Failure" success="False" time="0.0392" asserts="0" description="C:\Git\datum-dsc-for-vmware\Tests\ConfigData\ConfigData.Tests.ps1">
        <results>
          <test-case description="Error occurred in test script 'C:\Git\datum-dsc-for-vmware\Tests\ConfigData\ConfigData.Tests.ps1'" name="Error occurred in test script 'C:\Git\datum-dsc-for-vmware\Tests\ConfigData\ConfigData.Tests.ps1'" time="0" asserts="0" success="False" result="Failure" executed="True">
            <failure>
              <message>Das Argument kann nicht an den Parameter "Name" gebunden werden, da es sich um eine leere Zeichenfolge handelt.</message>
              <stack-trace>bei &lt;ScriptBlock&gt;, C:\Git\datum-dsc-for-vmware\BuildOutput\Modules\datum\0.0.38\datum.psm1: Zeile 39</stack-trace>
            </failure>
          </test-case>
        </results>
      </test-suite>
    </results>
  </test-suite>
</test-results>