<?xml version="1.0" encoding="utf-8" standalone="no"?>
<test-results xmlns:xsi="http://www.w3.org/2001/XMLSchema-instance" xsi:noNamespaceSchemaLocation="nunit_schema_2.5.xsd" name="Pester" total="13" errors="0" failures="0" not-run="0" inconclusive="0" ignored="0" skipped="0" invalid="0" date="2019-10-20" time="22:51:11">
  <environment clr-version="4.0.30319.42000" user-domain="DESKTOP-UHNCGG9" cwd="C:\Git\datum-dsc-for-vmware" platform="Microsoft Windows 10 Pro|C:\WINDOWS|\Device\Harddisk0\Partition4" machine-name="DESKTOP-UHNCGG9" nunit-version="2.5.8.0" os-version="10.0.18362" user="Daniel" />
  <culture-info current-culture="de-CH" current-uiculture="de-DE" />
  <test-suite type="TestFixture" name="Pester" executed="True" result="Success" success="True" time="0.8821" asserts="0" description="Pester">
    <results>
      <test-suite type="TestFixture" name="C:\Git\datum-dsc-for-vmware\Tests\Acceptance\TestMofFiles.Tests.ps1" executed="True" result="Success" success="True" time="0.1759" asserts="0" description="C:\Git\datum-dsc-for-vmware\Tests\Acceptance\TestMofFiles.Tests.ps1">
        <results />
      </test-suite>
      <test-suite type="TestFixture" name="C:\Git\datum-dsc-for-vmware\Tests\ConfigData\ConfigData.Tests.ps1" executed="True" result="Success" success="True" time="0.7062" asserts="0" description="C:\Git\datum-dsc-for-vmware\Tests\ConfigData\ConfigData.Tests.ps1">
        <results>
          <test-suite type="TestFixture" name="Datum Tree Definition" executed="True" result="Success" success="True" time="0.1226" asserts="0" description="Datum Tree Definition">
            <results>
              <test-case description="Exists in DscConfigData Folder" name="Datum Tree Definition.Exists in DscConfigData Folder" time="0.0127" asserts="0" success="True" result="Success" executed="True" />
              <test-case description="is Valid Yaml" name="Datum Tree Definition.is Valid Yaml" time="0.0144" asserts="0" success="True" result="Success" executed="True" />
            </results>
          </test-suite>
          <test-suite type="TestFixture" name="Node Definition Files" executed="True" result="Success" success="True" time="0.1465" asserts="0" description="Node Definition Files">
            <results>
              <test-case description="C:\Git\datum-dsc-for-vmware\DscConfigData\AllNodes\Lab\Lab_ESXiHost1.yml Should not be duplicated" name="Node Definition Files.C:\Git\datum-dsc-for-vmware\DscConfigData\AllNodes\Lab\Lab_ESXiHost1.yml Should not be duplicated" time="0.0026" asserts="0" success="True" result="Success" executed="True" />
              <test-case description="Lab_ESXiHost1.yml has valid yaml" name="Node Definition Files.Lab_ESXiHost1.yml has valid yaml" time="0.0083" asserts="0" success="True" result="Success" executed="True" />
              <test-case description="Lab_ESXiHost1.yml is in the right environment" name="Node Definition Files.Lab_ESXiHost1.yml is in the right environment" time="0.0088" asserts="0" success="True" result="Success" executed="True" />
              <test-case description="C:\Git\datum-dsc-for-vmware\DscConfigData\AllNodes\NonProd\NonProd_ESXiHost1.yml Should not be duplicated" name="Node Definition Files.C:\Git\datum-dsc-for-vmware\DscConfigData\AllNodes\NonProd\NonProd_ESXiHost1.yml Should not be duplicated" time="0.0026" asserts="0" success="True" result="Success" executed="True" />
              <test-case description="NonProd_ESXiHost1.yml has valid yaml" name="Node Definition Files.NonProd_ESXiHost1.yml has valid yaml" time="0.014" asserts="0" success="True" result="Success" executed="True" />
              <test-case description="NonProd_ESXiHost1.yml is in the right environment" name="Node Definition Files.NonProd_ESXiHost1.yml is in the right environment" time="0.0069" asserts="0" success="True" result="Success" executed="True" />
              <test-case description="C:\Git\datum-dsc-for-vmware\DscConfigData\AllNodes\Prod\Prod_ESXiHost1.yml Should not be duplicated" name="Node Definition Files.C:\Git\datum-dsc-for-vmware\DscConfigData\AllNodes\Prod\Prod_ESXiHost1.yml Should not be duplicated" time="0.0025" asserts="0" success="True" result="Success" executed="True" />
              <test-case description="Prod_ESXiHost1.yml has valid yaml" name="Node Definition Files.Prod_ESXiHost1.yml has valid yaml" time="0.0104" asserts="0" success="True" result="Success" executed="True" />
              <test-case description="Prod_ESXiHost1.yml is in the right environment" name="Node Definition Files.Prod_ESXiHost1.yml is in the right environment" time="0.01" asserts="0" success="True" result="Success" executed="True" />
            </results>
          </test-suite>
          <test-suite type="TestFixture" name="Roles Definition Files" executed="True" result="Success" success="True" time="0.0633" asserts="0" description="Roles Definition Files">
            <results>
              <test-case description="C:\Git\datum-dsc-for-vmware\DscConfigData\Roles\Lab_EsxHosts.yml has valid yaml" name="Roles Definition Files.C:\Git\datum-dsc-for-vmware\DscConfigData\Roles\Lab_EsxHosts.yml has valid yaml" time="0.0075" asserts="0" success="True" result="Success" executed="True" />
            </results>
          </test-suite>
          <test-suite type="TestFixture" name="Role Composition" executed="True" result="Success" success="True" time="0.3211" asserts="0" description="Role Composition">
            <results>
              <test-suite type="TestFixture" name="Nodes for environment Lab" executed="True" result="Success" success="True" time="0.1572" asserts="0" description="Nodes for environment Lab">
                <results>
                  <test-case description="Lab_ESXiHost1 has a valid Configurations Setting (!$null)" name="Role Composition.Nodes for environment Lab.Lab_ESXiHost1 has a valid Configurations Setting (!$null)" time="0.0949" asserts="0" success="True" result="Success" executed="True" />
                </results>
              </test-suite>
              <test-suite type="TestFixture" name="Nodes for environment NonProd" executed="True" result="Success" success="True" time="0.0514" asserts="0" description="Nodes for environment NonProd">
                <results />
              </test-suite>
              <test-suite type="TestFixture" name="Nodes for environment Prod" executed="True" result="Success" success="True" time="0.055" asserts="0" description="Nodes for environment Prod">
                <results />
              </test-suite>
            </results>
          </test-suite>
        </results>
      </test-suite>
    </results>
  </test-suite>
</test-results>